20240403	14:12:06	37b9a232-c44c-41df-af35-675f0dafce74	Error: Email has already been registered	POST	/api/auth/register	undefined
20240403	15:03:33	290fc140-6e19-41ed-b0df-8d86cd7cc3f7	TypeError: Cannot read properties of undefined (reading 'email')	PATCH	/api/auth/changepassword	undefined
20240403	15:04:02	24e19398-00f4-4b7d-9bda-3cd43eed75f4	TypeError: Cannot read properties of undefined (reading 'email')	PATCH	/api/auth/changepassword	undefined
20240403	15:06:13	13e10a2a-97de-44a0-aed1-75f0c8d836dd	TypeError: Cannot read properties of undefined (reading 'email')	PATCH	/api/auth/changepassword	undefined
20240403	15:06:46	fb4d8722-f7fa-4fbf-929c-b4cb41249fa5	TypeError: Cannot read properties of undefined (reading 'email')	PATCH	/api/auth/changepassword	undefined
20240403	15:07:32	eeee89f9-961a-4f1e-ae3a-986b515a3315	TypeError: Cannot read properties of undefined (reading 'email')	PATCH	/api/auth/changepassword	undefined
20240403	15:10:12	cd3eaf14-0e55-44f1-8c5a-b28dcf2b45ab	TypeError: Cannot read properties of undefined (reading 'email')	PATCH	/api/auth/changepassword	undefined
20240403	15:30:36	c7f6de26-4491-4275-87b7-868e2b6ea8b4	Error: User not found, please signup	PATCH	/api/auth/changepassword	undefined
20240403	15:33:09	a7d070fc-5c53-4c5e-a16b-01b3a38b688c	Error: User not found, please signup	PATCH	/api/auth/changepassword	undefined
20240403	15:34:29	0b62b5ec-80e8-41ef-abd3-37df791b4cdd	Error: User not found, please signup	PATCH	/api/auth/changepassword	undefined
20240403	15:36:19	6ed73a0d-8a9f-47ab-9641-07efd23e4cd3	Error: User not found, please signup	PATCH	/api/auth/changepassword	undefined
20240403	15:38:12	732eb44a-4c66-4af2-90b2-5cd6baaff7e7	ValidationError: User validation failed: gender: `F` is not a valid enum value for path `gender`.	POST	/api/auth/register	undefined
20240403	15:41:57	4d6c85a8-0f26-4e00-8bb4-636ea33810dd	TypeError: Cannot read properties of undefined (reading 'email')	PATCH	/api/auth/changepassword	undefined
20240403	15:42:42	e1c924b8-b1cc-4e33-8197-d9b71afe01f6	TypeError: Cannot read properties of undefined (reading 'userId')	PATCH	/api/auth/changepassword	undefined
20240403	15:47:13	2e3d0c15-854c-41f3-8956-99e8758985c3	Error: User not found, please signup	PATCH	/api/auth/changepassword	undefined
20240403	15:56:19	8b15bd42-9eed-4280-87b7-ebb1a2dc63c5	Error: User not found, please signup	PATCH	/api/auth/changepassword	undefined
20240403	15:57:53	b4f572fe-568d-45ad-8b67-1baf80ec7163	Error: User not found, please signup	PATCH	/api/auth/changepassword	undefined
20240403	15:58:34	52c36146-864d-429f-8797-4ed4c33757e0	Error: User not found, please signup	PATCH	/api/auth/changepassword	undefined
20240403	15:59:02	e954c52b-5b3a-440f-af4f-4a2cb5fa6c33	Error: User not found, please signup	PATCH	/api/auth/changepassword	undefined
20240403	15:59:16	5193b93d-7ca8-4af2-b284-505f4a20cff0	Error: User not found, please signup	PATCH	/api/auth/changepassword	undefined
20240403	15:59:44	bf1ca259-b9c1-40cc-b090-22dd6e0d02f1	TypeError: user.matchPassword is not a function	PATCH	/api/auth/changepassword	undefined
20240403	16:14:45	a31602b7-c545-4e3c-a712-f0f461f9a4c0	TypeError: user.matchPassword is not a function	PATCH	/api/auth/changepassword	undefined
20240404	10:49:40	eaaf2d72-7124-4f88-bc1c-b6c02b1d2488	TypeError: user.matchPassword is not a function	PATCH	/api/auth/changepassword	undefined
20240404	11:04:04	3bbaad44-dcef-490a-8ab8-d945cb6e4dff	ReferenceError: passwordIsCorrect is not defined	PATCH	/api/auth/changepassword	undefined
20240404	11:23:46	5be9c30b-3eee-49e2-82b1-7b128bb3767d	ReferenceError: Token is not defined	POST	/api/auth/forgotpassword	undefined
20240404	11:24:43	49502e31-58d6-417b-aab9-b4e127d13196	Error: User does not exist	POST	/api/auth/forgotpassword	undefined
20240404	11:25:08	c882a5a0-9d0d-4a56-af59-392ace097fbb	ReferenceError: Token is not defined	POST	/api/auth/forgotpassword	undefined
20240404	11:35:41	32f13731-35ba-4630-a466-0ece8dc38cca	ReferenceError: req is not defined	POST	/api/auth/forgotpassword	undefined
20240404	11:36:07	cd63685f-4ace-4987-bc5f-32bf4a4b568c	TypeError: crypto.randomBytes is not a function	POST	/api/auth/forgotpassword	undefined
20240404	11:37:47	76d46cfd-31f1-4d4e-b616-3ec217fbd76d	ReferenceError: Token is not defined	POST	/api/auth/forgotpassword	undefined
20240404	13:32:43	859e2780-2a85-446a-868d-ede3434585dc	ValidationError: User validation failed: userFullName: Last name must be atleast 3 letter	POST	/api/auth/register	undefined
20240404	14:45:57	94d9a579-f44a-472f-a8be-ce03239148c8	ReferenceError: createError is not defined	POST	/api/auth/reset/86dd6c9a09208284415d9a9366999bf92bb56c58a6c81367a93dde25fcaa938f	undefined
20240404	14:52:42	60152187-00ee-4684-9fd7-f6f3505dd610	ReferenceError: createError is not defined	POST	/api/auth/reset/86dd6c9a09208284415d9a9366999bf92bb56c58a6c81367a93dde25fcaa938f	undefined
20240404	14:53:27	43ce5bae-f441-41b3-b90a-19c28dd2ef40	ReferenceError: createError is not defined	POST	/api/auth/reset/86dd6c9a09208284415d9a9366999bf92bb56c58a6c81367a93dde25fcaa938f	undefined
20240404	14:55:56	63a7de85-e89c-4971-a1bf-36a4112a804b	ReferenceError: createError is not defined	PUT	/api/auth/reset/86dd6c9a09208284415d9a9366999bf92bb56c58a6c81367a93dde25fcaa938f	undefined
20240405	02:05:16	93049ca0-026a-4a0d-a9c8-38f85cd92ddc	Error: Please fill in all fields	POST	/api/private/create-post	undefined
20240405	02:06:01	3dab0067-8caa-494c-9ce8-e8a5f1033749	Error: Dupplicate Error	POST	/api/private/create-post	undefined
20240405	02:07:26	f4d64fc2-4a77-4a1c-8059-ed6237a3f6cf	Error: Dupplicate Error	POST	/api/private/create-post	undefined
20240405	02:09:41	770e07e4-15b8-4b5f-a020-33cd8aa87577	Error: Dupplicate Error	POST	/api/private/create-post	undefined
20240405	02:10:34	b9f0551c-b3a0-40e2-9479-ee3e5bfd4b08	Error: Dupplicate Error	POST	/api/private/create-post	undefined
20240405	02:10:55	40dcd803-db7c-4a64-aa08-8ee89630fdb1	Error: Dupplicate Error	POST	/api/private/create-post	undefined
20240405	02:11:24	2d82c343-d9cf-41c1-9f80-e8b68d5e8e24	Error: Dupplicate Error	POST	/api/private/create-post	undefined
20240405	02:13:42	c84a6c6a-94b2-471e-902f-74ee014774d5	Error: Dupplicate Error	POST	/api/private/create-post	undefined
20240405	02:14:51	f9c6fa5e-c850-4551-899a-82becae65a29	Error: Dupplicate Error	POST	/api/private/create-post	undefined
20240405	02:16:47	6fdee101-a85d-4eed-b70a-541a669d0a75	Error: Dupplicate Error	POST	/api/private/create-post	undefined
20240405	02:19:31	06fa8f7a-887b-4a94-8cc0-f7ff0e065a53	Error: Dupplicate Error	POST	/api/private/create-post	undefined
20240405	02:20:15	a40e2cbc-1600-4dae-a69b-f370d3416f8d	Error: Dupplicate Error	POST	/api/private/create-post	undefined
20240405	02:23:00	7dc2d91d-508b-4825-8053-9697e9de32d5	MulterError: Unexpected field	POST	/api/private/create-post	undefined
20240405	09:43:44	c142889a-0e0e-4cba-9267-f4f5533420d6	MulterError: Unexpected field	POST	/api/private/create-post	undefined
20240405	09:44:57	7f57bc97-00b5-4d6d-bb40-eb16147b047b	MulterError: Unexpected field	POST	/api/private/create-post	undefined
20240405	10:08:02	1d0e40b8-8599-4d17-93a5-5eb26e4e2869	MulterError: Unexpected field	POST	/api/private/create-post	undefined
20240405	10:16:39	ef05fbe9-d337-45ed-b714-24237e463c05	MulterError: Unexpected field	POST	/api/private/create-post	undefined
20240405	10:17:48	47383ad4-e898-4f12-8ec7-62c498e20274	MulterError: Unexpected field	POST	/api/private/create-post	undefined
20240405	10:18:45	61a41cc7-dc3e-4a26-b4a3-9706b931c2ee	MulterError: Unexpected field	POST	/api/private/create-post	undefined
20240405	11:03:15	d2cabed7-71d5-44f3-bebc-2c2778ae979d	MulterError: Unexpected field	POST	/api/private/create-post	undefined
20240405	11:05:21	bc3b801a-3311-430f-ac54-4bc9a48fc0a3	MulterError: Unexpected field	POST	/api/private/create-post	undefined
20240405	11:16:08	db0d702f-b58c-4f9b-8e9b-6ab3032b728c	TypeError: Cannot read properties of undefined (reading 'path')	POST	/api/private/create-post	undefined
20240405	11:19:54	e3a5d873-93ca-41e6-8465-049dbe19c24a	TypeError: Cannot read properties of undefined (reading 'path')	POST	/api/private/create-post	undefined
20240405	11:20:19	a7f5fae3-74a2-4795-87a6-ffe88630faa9	TypeError: Cannot read properties of undefined (reading 'path')	POST	/api/private/create-post	undefined
20240405	11:20:38	c3b741e1-8761-4be5-9d81-c5362e48965e	TypeError: Cannot read properties of undefined (reading 'path')	POST	/api/private/create-post	undefined
20240405	11:22:22	0d446335-aa6e-4f65-9cd9-252ab01d08b2	TypeError: Cannot read properties of undefined (reading 'path')	POST	/api/private/create-post	undefined
20240405	11:22:29	efedf64e-fdab-4d09-8dbc-f2213b69cc5d	TypeError: Cannot read properties of undefined (reading 'path')	POST	/api/private/create-post	undefined
20240405	11:23:22	d87cd4db-d5f1-48ec-9e7a-dee357bad565	Error: Please fill in all fields	POST	/api/private/create-post	undefined
20240405	11:25:40	4a1dc5e4-ccb5-452e-8338-60de181deeb5	Error: Please fill in all fields	POST	/api/private/create-post	undefined
20240405	11:35:42	b129e7e7-3bc9-494e-8f4f-f848ba0e1050	MulterError: Unexpected field	POST	/api/private/create-post	undefined
20240405	11:37:52	5c653fe3-8eaa-4a42-8be1-db7ec4545223	MulterError: Unexpected field	POST	/api/private/create-post	undefined
20240405	11:41:06	190aa351-f8c5-4654-ad3c-06dee948771e	MulterError: Unexpected field	POST	/api/private/create-post	undefined
20240405	11:46:22	25595874-71b4-4569-acf2-012e97d96077	Error: Please fill in all fields	POST	/api/private/create-post	undefined
20240405	11:48:36	f2c2ff35-2072-4d52-94be-7f92c89b8b87	Error: Please fill in all fields	POST	/api/private/create-post	undefined
20240405	11:49:06	5d7dea5a-6c0e-42cf-bef2-369c4ece9033	Error: Please fill in all fields	POST	/api/private/create-post	undefined
20240405	11:49:20	ad6263b0-5ef6-4279-aa45-cbcec5bc5cc9	Error: Please fill in all fields	POST	/api/private/create-post	undefined
20240405	11:52:52	a6a7224e-75d8-495b-93b7-11a960b63fbd	Error: Please fill in all fields	POST	/api/private/create-post	undefined
20240405	14:47:56	773795ae-6cb8-4b0f-91a9-e257bbcf3de6	Error: Please fill in all fields	POST	/api/private/create-post	undefined
20240405	14:50:01	26398a31-bb00-4034-8d5e-3ad2b78019ba	Error: Please fill in all fields	POST	/api/private/create-post	undefined
20240405	14:59:22	9ff69dfc-44c2-4038-919b-e2c726279c62	Error: Please fill in all fields	POST	/api/private/create-post	undefined
20240405	15:10:19	0f8310b7-9ffc-4140-9113-2cdb6c780f52	Error: Please fill in all fields	POST	/api/private/create-post	undefined
20240405	15:19:58	ff89b211-c669-4d4e-ba87-ad72d6369128	Error: post not found	GET	/api/private/get-post	undefined
20240405	23:06:41	c3d68c4f-d77a-497d-a201-6cc59dee6f48	ValidationError: User validation failed: userFullName: Last name must be atleast 3 letter	POST	/api/auth/register	undefined
20240406	11:45:24	c0f5b7f0-140f-42ee-8e68-872918d079a9	TypeError: Cannot read properties of undefined (reading 'path')	POST	/api/private/create-post	undefined
20240406	11:52:09	10f1ca1e-17ef-4734-94d1-aa0bbb8c594f	Error: Please fill in all fields	POST	/api/private/create-post	undefined
20240406	11:52:21	507a2689-7f03-458c-8646-9b6b1188394a	Error: Please fill in all fields	POST	/api/private/create-post	undefined
20240406	14:08:29	4735cd21-bc0a-4b4a-b80a-fb954c7137f0	MulterError: Unexpected field	POST	/api/private/post	undefined
20240406	14:20:34	131b969b-fc15-4a10-818a-6d04e9fffc21	ReferenceError: createError is not defined	GET	/api/private/create-post	undefined
20240406	14:28:06	da22ebcc-be0e-451b-b41a-a9fbf9203ba2	Error: Image could not be uploaded	POST	/api/private/create-post	undefined
20240406	14:29:10	8bed62d6-75e8-4a9b-8b22-b94497f5afa6	Error: Image could not be uploaded	POST	/api/private/create-post	undefined
20240406	14:30:47	0fce1b93-e4f4-4148-8a41-567014e4f0c5	Error: Image could not be uploaded	POST	/api/private/create-post	undefined
20240406	14:32:03	4f7f4a80-e9d1-4bb9-88ca-40770565a8f9	Error: Image could not be uploaded	POST	/api/private/create-post	undefined
20240406	14:34:58	f4289056-8f1d-48ba-82b7-c0a313a64fa3	Error: Image could not be uploaded	POST	/api/private/create-post	undefined
20240406	14:35:46	02758d7f-a707-40ba-a848-c7b12f340ac0	ReferenceError: path is not defined	POST	/api/private/create-post	undefined
20240406	14:36:32	91861812-2063-4bff-9672-091158f36ed9	Error: Image could not be uploaded	POST	/api/private/create-post	undefined
20240406	14:38:09	2cba9c99-e472-451a-8a46-2e20105deb7b	Error: Image could not be uploaded	POST	/api/private/create-post	undefined
20240406	14:39:42	50516b0d-e02d-4e32-ab01-7f3c45d31996	Error: Image could not be uploaded	POST	/api/private/create-post	undefined
20240406	14:40:22	288ac2fc-8aa1-4ae1-a479-cfed0a86f79f	Error: Image could not be uploaded	POST	/api/private/create-post	undefined
20240406	14:41:11	b7366804-d024-41ca-9386-341c27cd12e9	Error: Image could not be uploaded	POST	/api/private/create-post	undefined
20240406	14:42:10	08140cd0-1e0b-45d5-b560-888dcf80d41b	Error: Cannot set headers after they are sent to the client	POST	/api/private/create-post	undefined
