20240331	02:13:10	c029641e-4433-4b07-9050-24d1e331019a	GET	/	undefined
20240331	15:54:21	234e61b2-7769-451f-a160-a206ab2ffef3	POST	/login	undefined
20240331	15:54:37	9ff3f002-a43e-441b-a6ee-1491c69a8141	POST	/api/auth/login	undefined
20240331	15:55:39	b646256a-d27a-4fe2-bc82-25d020315272	POST	/api/auth/login	undefined
20240331	15:56:07	93d55fc9-b4b5-4ad7-a47e-69a4a9e467d6	POST	/api/auth/login	undefined
20240331	15:56:48	2a5b6a5f-4976-4533-ab42-dc66c3570721	GET	/	undefined
20240331	15:56:49	7abc0be9-fcb2-4092-975b-283768427913	GET	/	undefined
20240331	15:56:54	49e10cdb-c031-4a22-90a5-b223cb737122	GET	/	undefined
20240331	16:00:40	5074689f-61f5-4856-9ca1-509ca02bb44c	GET	/	undefined
20240331	16:40:58	2abf81d5-459b-475d-9bee-514d0a6c4835	POST	/api/auth/login	undefined
20240331	16:46:40	50766b53-be7a-4805-abee-45f07dad111b	POST	/api/auth/login	undefined
20240331	16:47:03	3cda31d7-7cd2-4d6b-b08f-68202f4cb39e	POST	/api/auth/login	undefined
20240331	16:48:28	a2b9997c-8a45-4f84-8966-1d03b1f8fcc9	POST	/api/auth/login	undefined
20240331	16:50:51	bf2a5068-9ceb-4509-9f27-e2a353c153ac	POST	/api/auth/login	undefined
20240331	16:53:47	4fce86b4-2957-4315-ad33-089601af3275	POST	/api/auth/login	undefined
20240331	16:54:47	517a2172-27ff-487f-aa7f-2574e426d029	POST	/api/auth/login	undefined
20240331	16:57:21	3bc3a27f-4efc-49a5-85c5-34463565240a	POST	/api/auth/login	undefined
20240331	16:57:21	75cb0943-2fd0-4223-8bb1-de3e84657fcc	POST	/api/auth/login	undefined
20240331	16:58:06	25ec4e42-4347-4196-90eb-6784d1c3183a	POST	/api/auth/login	undefined
20240331	16:58:44	4dfd1d91-b3ce-4448-9801-9dba90471a65	POST	/api/auth/login	undefined
20240331	17:00:24	fcf403ea-3735-4369-b7db-cc5ced352297	POST	/api/auth/login	undefined
20240331	17:00:52	86c9f4ba-61ef-465c-9a57-455a933b5bb4	POST	/api/auth/login	undefined
20240331	17:01:12	a2e95fa9-5efd-4b33-9501-6d351598bcb5	POST	/api/auth/login	undefined
20240331	17:01:32	5e0883eb-b102-46c5-895b-8290db002f4a	POST	/api/auth/login	undefined
20240331	17:01:43	fc2a755c-9d0d-4542-a6d4-85df72078444	POST	/api/auth/login	undefined
20240331	17:13:36	4e4e8f02-5852-4f72-b84d-406aba6d86f9	POST	/api/auth/login	undefined
20240331	17:21:12	0e2d64b4-c14e-4c7e-a4e7-60f117bf3471	POST	/api/auth/login	undefined
20240331	17:21:27	e7c4d9ea-72e0-4e95-9a8a-616c9bf9721a	POST	/api/auth/login	undefined
20240331	17:21:43	28921b72-9b37-469e-8f84-1252c9c5fea4	POST	/api/auth/login	undefined
20240331	17:22:46	9fd7c984-b4d7-4d35-8f94-31c7d7371529	GET	/api/auth/logout	undefined
20240331	17:23:01	c3618eda-7b60-4e2b-bb8a-cdabe3e6ac18	POST	/api/auth/login	undefined
20240331	17:24:59	b7f30c6d-55a3-4fd0-b1a5-d282d000472d	GET	/api/auth/logout	undefined
20240331	17:26:27	efa7d6f5-95c9-441e-8b54-2b4977630d61	GET	/api/auth/logout	undefined
20240331	17:26:43	7775c5dc-bd00-45e7-b2b5-0b8aed12cfbf	GET	/api/auth/logout	undefined
20240331	17:26:59	91268185-6856-4ea8-90b6-550baf364f8e	POST	/api/auth/logout	undefined
20240331	17:27:18	438ede5d-1ee1-4588-9a1f-54b7e14939dc	POST	/api/auth/login	undefined
20240331	17:27:52	a7a63230-fedd-4e35-95a5-9eeb3f80424a	GET	/api/auth/logout	undefined
20240331	17:28:28	4449f600-5cd7-4f51-8cbe-51516229f79f	GET	/api/auth/logout	undefined
20240331	17:28:30	1d1e368b-f8dd-423a-934a-2aafd161062e	GET	/api/auth/logout	undefined
20240331	17:29:00	ea40585b-4cab-4e70-86b4-3694fe1bf40a	GET	/api/auth/logout	undefined
20240331	17:29:15	212b7cc1-fa87-4a2d-a035-b2fe60a665e5	GET	/api/auth/logout	undefined
20240331	17:29:17	303ae742-8e75-4fb7-a305-5fcf89f10f9f	GET	/api/auth/logout	undefined
20240331	17:29:18	25acc9b6-3998-411d-9ba5-5a545a31b72a	GET	/api/auth/logout	undefined
20240331	17:29:32	7e5896a2-20bc-4eb7-8836-30e6a786a1b1	GET	/api/auth/logout	undefined
20240331	17:29:45	88f78ea8-fcb2-4123-b7cf-05144b4063f6	GET	/api/auth/logout	undefined
20240331	17:33:16	3120b74f-3e1b-4fb8-96a0-9c49aacebe29	POST	/api/auth/login	undefined
20240331	17:33:23	88a16b66-ae13-48a8-b8db-02cbdc6722b9	POST	/api/auth/refresh	undefined
20240331	17:34:54	8533f7a7-2b8c-4290-971f-c8bc1966e84c	POST	/api/auth/refresh	undefined
20240331	17:35:15	10a4cfec-4211-49c9-9896-983c8cc888cf	POST	/api/auth/refresh	undefined
20240331	17:35:26	9a657a72-1100-423a-998e-3bed9d45bac2	POST	/api/auth/refresh	undefined
20240331	17:36:20	181e8cde-0206-40b3-8723-835c4d751734	POST	/api/auth/refresh	undefined
20240331	17:37:24	7f79870a-0c26-45e5-803b-5f381ccbc32d	POST	/api/auth/login	undefined
20240331	17:38:25	641d3b76-c63e-4b2d-90e0-d213a7b204d3	POST	/api/auth/refresh	undefined
20240331	17:43:20	028519a3-f044-41bc-ad69-2ce0817cfd3b	POST	/api/auth/login	undefined
20240331	17:46:14	ea1ca345-9a9a-4576-b58b-d7f8e5956370	POST	/api/auth/login	undefined
20240331	17:47:06	f4b00e0f-f644-4c68-9351-926cd46d2367	POST	/api/auth/refresh	undefined
20240331	17:48:07	23bc81bf-5fc2-4325-995f-f2f8b6d13667	POST	/api/auth/refresh	undefined
20240331	17:48:52	f35c79b9-ff3c-4af4-ba64-d5003309364e	POST	/api/auth/refresh	undefined
20240331	17:49:05	59e9c90b-df53-4262-aacc-3e411e92e3af	POST	/api/auth/loogin	undefined
20240331	17:49:21	ceddecd3-1431-46b1-b85a-c11242ebf403	POST	/api/auth/login	undefined
20240331	17:50:13	ccde9850-f3a5-47c6-85e1-9c7d33595ad7	POST	/api/auth/refresh	undefined
20240331	17:53:27	01c6fca3-42f4-4ca7-8cc8-5938f8967d47	POST	/api/auth/refresh	undefined
20240331	17:55:54	d8b79614-18a2-4de0-a82f-3d62510c067e	POST	/api/auth/refresh	undefined
20240331	17:58:29	3ba896b8-63b0-4441-9b32-cc3fc731d36d	POST	/api/auth/refresh	undefined
20240331	18:00:57	2a5d94d9-6ab9-47fa-b968-80d721adb502	POST	/api/auth/refresh	undefined
20240331	18:01:40	679777da-20ff-4c56-8de2-ee90b7813b44	POST	/api/auth/refresh	undefined
20240331	18:03:31	1173d033-6750-48f3-95aa-4744fbff9f56	POST	/api/auth/refresh	undefined
20240331	18:07:46	40ccdb3c-45fe-46ff-9374-1edefd60eccd	POST	/api/auth/refresh	undefined
20240331	18:07:56	71b6bb41-2b29-4e6f-acfa-3bccf379a3ce	POST	/api/auth/login	undefined
20240331	18:08:34	a285f1c9-c5d1-4e55-a1bc-f80c42fc7930	POST	/api/auth/refresh	undefined
20240331	18:09:35	d5ddad57-7026-4afb-bb52-bec915957ba0	POST	/api/auth/refresh	undefined
20240331	18:10:19	11b2ab49-f0d1-4579-9db9-d48941688172	POST	/api/auth/refresh	undefined
20240331	18:12:43	d0ec716b-4529-4dbc-844f-7bbbc9c19ce0	POST	/api/auth/refresh	undefined
20240331	18:14:41	28abefab-4b9a-46df-9780-404ac30202da	POST	/api/auth/login	undefined
20240331	18:15:31	42eb3554-a449-4fbc-b3d1-197ad0cab980	POST	/api/auth/refresh	undefined
20240331	18:17:06	f38eafd7-958d-4859-bdca-5bbb30134477	POST	/api/auth/refresh	undefined
20240331	18:20:51	8784b109-3567-4187-9704-e11cdf31ae19	POST	/api/auth/login	undefined
20240331	18:23:05	075036b3-5df3-42ad-8a10-1b3ecf62e332	POST	/api/auth/refresh	undefined
20240331	18:23:14	14e7a574-cf6b-4730-87ae-e0e6fdd09f46	POST	/api/auth/refresh	undefined
20240331	18:26:34	6cd35a6a-cf6f-4349-8464-3e3ed850b1f4	POST	/api/auth/refresh	undefined
20240331	18:27:02	512968fa-d857-4c48-a7fd-8ffb845bc384	POST	/api/auth/refresh	undefined
20240331	18:27:12	2afe7cfb-ef75-4ad7-acc3-5c4cee45a8e2	POST	/api/auth/refresh	undefined
20240331	18:27:14	4c399b1f-d28a-489e-a448-9b9db86bf9e8	POST	/api/auth/refresh	undefined
20240331	18:27:31	5f6b266f-93bf-4180-93d1-974c6f0d712f	POST	/api/auth/refresh	undefined
20240331	18:27:35	925d7adf-9e9e-48c4-841e-d5902ccdff1a	POST	/api/auth/refresh	undefined
20240331	18:28:18	7303a355-144c-49bf-a897-7bafe24eb842	POST	/api/auth/refresh	undefined
20240331	18:29:04	bb17740c-4ca5-40eb-86ae-700a89d45b9b	POST	/api/auth/refresh	undefined
20240331	18:29:57	feb6b59d-1413-4888-8c37-8f516f1556a9	POST	/api/auth/refresh	undefined
20240331	18:31:19	9dbda41d-fce3-4c16-97fe-e3a5125f7875	POST	/api/auth/refresh	undefined
20240331	18:31:28	bb185781-ff16-4d78-b231-3b5751d2d435	POST	/api/auth/refresh	undefined
20240331	18:31:49	63b6c199-5de6-4259-abf9-8d3b4991326d	POST	/api/auth/refresh	undefined
20240331	18:35:25	9ee68260-ff43-4277-a444-b0afe5ae9f65	POST	/api/auth/refresh	undefined
20240331	18:35:30	3203b060-79da-46b9-a9a1-3e28e3d61b31	POST	/api/auth/refresh	undefined
20240331	18:35:31	0b327a9c-8cef-4621-999a-55d3727a9fe9	POST	/api/auth/refresh	undefined
20240331	18:36:47	5df50a1d-43e4-449e-b1f1-64d68c60ddc0	POST	/api/auth/login	undefined
20240331	18:38:12	1d28c610-e59c-45a9-8fae-ab8da3e976fb	POST	/api/auth/refresh	undefined
20240331	18:39:19	3b2768d3-225d-4e9e-a4f1-34fd945b8030	POST	/api/auth/login	undefined
20240331	18:39:42	2b0f798d-c442-4107-8f09-4eace2a17901	POST	/api/auth/refresh	undefined
20240331	22:47:17	438bedda-73c4-4792-91a7-523e99ce67e0	POST	/api/auth/login	undefined
20240331	22:48:27	bb1563e7-b29e-45fa-aa4b-422ca34143e0	POST	/api/auth/login	undefined
20240331	22:49:42	ab1ce9ed-aeca-41b9-8077-329105fcdf94	POST	/api/auth/refresh	undefined
20240331	22:50:33	f3c9fd60-5ee7-46b3-b61d-e96b113e162a	POST	/api/auth/login	undefined
20240331	22:51:09	0e7de455-f4c6-414c-bdb4-da26314049d3	POST	/api/auth/refresh	undefined
20240331	22:53:17	416b0453-d49f-4e76-aca9-5df30ab5410a	POST	/api/auth/refresh	undefined
20240331	22:53:18	74281acd-cda3-4570-aaf4-62a4ee0d5f29	POST	/api/auth/refresh	undefined
20240331	22:53:18	9df606e1-f1d2-4cea-b66b-ef79368f26b5	POST	/api/auth/refresh	undefined
20240331	22:53:18	b6a92dee-c67a-4e33-8d98-a18bce9a4bf0	POST	/api/auth/refresh	undefined
20240331	22:53:57	5a207100-2dd2-4633-9b60-68c04a670e11	POST	/api/auth/login	undefined
20240331	22:54:20	2a399111-0d47-4e97-9216-bdf491005b02	POST	/api/auth/refresh	undefined
20240331	23:24:30	e19e422d-aada-4567-a066-4bef9a721297	POST	/api/auth/login	undefined
20240331	23:25:20	0e47f6c3-7999-4b3e-bd12-50766ea1e2f8	POST	/api/auth/login	undefined
20240331	23:26:19	067a8788-1c46-48d3-8ed5-85ba694f73c7	POST	/api/auth/refresh	undefined
20240331	23:28:32	d58db659-f0ed-4867-89cd-724c88abfcb5	POST	/api/auth/login	undefined
20240331	23:32:47	d03c9477-2f96-4ee5-b4cd-430c362b569d	POST	/api/auth/login	undefined
20240331	23:33:07	ee00272b-2490-4423-9d77-5fa2c2583ace	POST	/api/auth/refresh	undefined
20240331	23:36:41	8b44b69d-4870-4852-95fc-3c056c773f2c	POST	/api/auth/login	undefined
20240331	23:36:58	f065bc6e-fb3c-48c6-b3b9-814513883c67	POST	/api/auth/refresh	undefined
20240331	23:38:54	0489996a-f359-4727-b59f-9a7104e49e3d	POST	/api/auth/refresh	undefined
20240331	23:39:02	f82b3cbb-63b9-49d9-b7c4-a08b0927689d	POST	/api/auth/login	undefined
20240331	23:39:22	2f50bb40-a136-4eea-8530-5588e971e877	POST	/api/auth/refresh	undefined
20240331	23:39:24	2cb2800c-569d-4fc0-ba78-865091694895	POST	/api/auth/refresh	undefined
20240331	23:39:53	ce581afc-169b-4008-9a5c-f95281d75f38	POST	/api/auth/login	undefined
20240331	23:40:31	17714a8b-3995-44c4-b312-b64b44f07ea5	POST	/api/auth/refresh	undefined
20240331	23:43:59	5c43f8af-89f1-41d4-b6a6-d2cedbbf0fbf	POST	/api/auth/login	undefined
20240331	23:44:13	4db53270-6cde-4438-a136-86e5c952d2a6	POST	/api/auth/refresh	undefined
20240331	23:46:20	84c815d5-d0ec-4846-8ba0-7ba11598965b	POST	/api/auth/refresh	undefined
20240331	23:46:24	3217bcef-a14d-47a4-aef9-f62770eacd34	POST	/api/auth/login	undefined
20240331	23:46:41	2c3f620f-2b60-4fe4-9ea1-ea6a575c7544	POST	/api/auth/refresh	undefined
20240331	23:48:37	1c077cba-4d96-4b2b-8ad7-d8be976eafc4	POST	/api/auth/login	undefined
20240331	23:48:49	611cf7cd-8d8f-460a-aa3f-6ec5204a5619	POST	/api/auth/refresh	undefined
20240331	23:50:31	401aa8a2-cec4-494f-8446-ffc99cfa746d	POST	/api/auth/login	undefined
20240331	23:50:48	7d2d6489-a469-47e4-afb4-dd1692da0b18	POST	/api/auth/refresh	undefined
20240331	23:51:00	d172ccee-322d-4893-bcfb-cd9e11d42077	POST	/api/auth/refresh	undefined
20240331	23:51:19	3e2862e3-cb15-45ed-885b-01643f030133	POST	/api/auth/refresh	undefined
20240331	23:59:04	c24211ba-c20a-4c87-abe5-70a309cfd9ed	POST	/api/auth/login	undefined
20240401	00:00:29	895df5e5-1cd1-4756-b84c-85ece0cf78fe	POST	/api/auth/refresh	undefined
20240401	00:04:30	4c6d05a9-218e-4f5f-89fe-e6758ee5e275	POST	/api/auth/refresh	undefined
20240401	00:04:33	2640a750-3ffe-4412-9fa4-1fd7d4dd3cd4	POST	/api/auth/login	undefined
20240401	00:05:26	c4443118-89b0-43f4-84a8-27ad32ae62a4	POST	/api/auth/refresh	undefined
20240401	00:05:30	99ca7bc6-ee9e-4a0c-b6e8-411801ed34cd	POST	/api/auth/refresh	undefined
20240401	00:05:35	c02beb82-4e63-471c-b903-634e70c01b3e	POST	/api/auth/refresh	undefined
20240401	00:05:39	b7f66cf0-348d-4fe7-bc26-32ac5a77a39f	POST	/api/auth/refresh	undefined
20240401	00:05:46	106837b0-f29c-40cc-8ee6-2bad27a31d6f	POST	/api/auth/refresh	undefined
20240401	00:06:03	cb72f106-740a-4177-b05f-814cf602cd33	POST	/api/auth/login	undefined
20240401	00:06:20	2328e391-c693-414a-97ec-b6644841c737	POST	/api/auth/refresh	undefined
20240401	00:09:39	2fb64243-f35c-4b6c-a796-f060563ddf26	POST	/api/auth/refresh	undefined
20240401	00:10:09	29dbaee3-fdef-4c66-bd48-7185cbcbc275	POST	/api/auth/refresh	undefined
20240401	00:10:37	09803f5c-3409-4375-b979-30a5214e84e0	POST	/api/auth/login	undefined
20240401	00:10:54	5945b018-ddc0-4ad3-a2f0-801958b5dde8	POST	/api/auth/refresh	undefined
20240401	00:11:44	f6cb660c-e859-4344-9809-5dfa49006972	POST	/api/auth/refresh	undefined
20240401	00:11:59	684f3b70-e6d3-4636-a919-9f85b9fbcbf4	POST	/api/auth/refresh	undefined
20240401	00:12:00	aed9716e-668c-4432-885a-814fdf1b40b8	POST	/api/auth/refresh	undefined
20240401	00:12:36	9cdc8afd-f846-4be0-af8a-d3ff3b921aa2	POST	/api/auth/refresh	undefined
20240401	00:18:49	ca1c94c3-05bf-4829-ba0b-cd0e4b6e9877	POST	/api/auth/refresh	undefined
20240401	00:18:53	c1e82676-d670-4c96-b10f-725fd4e5a932	POST	/api/auth/login	undefined
20240401	00:20:18	c4a39fdd-6389-448e-bdc1-dfecb1438fa6	POST	/api/auth/login	undefined
20240401	00:20:50	5c2cdf27-7f59-4fb6-b5f3-8b287f3d42c3	POST	/api/auth/refresh	undefined
20240401	00:24:12	8bac2692-e110-4a8a-8656-3869d05da06d	POST	/api/auth/login	undefined
20240401	00:24:34	ce03cc20-1e11-4662-9200-839d2969bdb1	POST	/api/auth/refresh	undefined
20240401	00:34:06	5218f427-6e69-484a-acb7-e3ee87f1b0e7	POST	/api/auth/refresh	undefined
20240401	00:38:04	1563bd3c-474d-4326-b2dd-a83bbbd4ea55	POST	/api/auth/refresh	undefined
20240401	00:40:13	10993e30-570c-42b6-8e4c-bd3b5f078c9c	POST	/api/auth/login	undefined
20240401	02:31:24	4385bc26-8016-4596-b1f6-5052bbabe243	POST	/api/auth/register	undefined
20240401	02:31:29	8cb106e4-9c30-4706-a15e-a307368d8972	POST	/api/auth/register	undefined
20240401	02:31:30	8f18facb-bb30-400c-9a22-12e4f3bace09	POST	/api/auth/register	undefined
20240401	02:31:53	e24b5351-1047-45ba-b439-3a2ebf4b6ecc	POST	/api/auth/login	undefined
20240401	02:32:59	8c8045c5-3613-4aae-8f89-cfd81ebf37e5	POST	/api/auth/login	undefined
20240401	02:35:18	2e1da623-deab-4bde-8586-3049869e5adb	POST	/api/auth/login	undefined
20240401	02:35:24	689cf224-f010-4848-a3d1-0b6652f4bdc6	POST	/api/auth/login	undefined
20240401	12:33:54	0400e2b4-04a9-464c-b00d-6f5327d28b15	POST	/api/auth/login	undefined
20240401	12:34:02	eca8629a-ef4e-4b57-a459-a440da5fb902	POST	/api/auth/login	undefined
20240401	12:35:08	544ec213-1802-445c-91ed-b08a90ddca3d	POST	/api/auth/login	undefined
20240401	12:36:28	5df7def1-e6e6-48be-aeb4-4de89df50088	POST	/api/auth/login	undefined
20240401	12:37:57	514480c0-133e-4e6c-bc99-6211edd1f120	POST	/api/auth/login	undefined
20240401	12:40:25	9f5a9771-fb5f-4f7c-81a2-7004be90605e	POST	/api/auth/login	undefined
20240401	12:41:08	3a33c329-55a8-4d3d-8321-d719af1f1c14	POST	/api/auth/refresh	undefined
20240401	17:50:54	a6624347-b5a8-41ff-aeb0-24819cdf8c92	POST	/api/auth/login	undefined
20240401	17:51:16	3de2d8ee-892a-4ac2-b96c-ed7fe0abd6e5	POST	/api/auth/refresh	undefined
20240401	17:51:23	b815f283-af11-45ec-bd15-b733e43463dc	POST	/api/auth/refresh	undefined
20240401	17:52:43	b3eb4687-e6d3-4843-a2c6-0801f1f080d7	POST	/api/auth/login	undefined
20240401	17:53:16	b560a9b8-6959-41eb-a71e-246abc8aa7fb	POST	/api/auth/refresh	undefined
20240401	17:57:47	1bd7fc12-31da-4b91-936b-e57c20dead5e	POST	/api/auth/login	undefined
20240401	17:58:32	f8759310-8b4c-494e-b3fd-c085ab273012	POST	/api/auth/refresh	undefined
20240401	18:00:46	af5605cd-2ec4-4c68-9347-59432b0bd88c	POST	/api/auth/login	undefined
20240401	18:01:36	f54c4281-5fa4-4490-8826-13c8af4e14b9	POST	/api/auth/login	undefined
20240401	18:01:59	acd024b5-8d0a-4ffc-9342-e59e5009a11c	POST	/api/auth/refresh	undefined
20240401	18:02:02	566f6f67-ec67-40ac-aba5-729c88e1cc1a	POST	/api/auth/refresh	undefined
20240401	18:04:03	8479cab3-4777-4875-a818-698f8b6e69e0	POST	/api/auth/login	undefined
20240401	18:04:22	a7161c8c-a999-4018-af48-68aa7f7cbf09	POST	/api/auth/refresh	undefined
20240401	18:05:07	cc58dba3-9a38-428a-a983-eb743ebe12d7	POST	/api/auth/refresh	undefined
20240401	18:16:12	4aadd1d7-b805-4a39-9e81-7e29309bea41	POST	/api/auth/refresh	undefined
20240401	18:17:35	8f084122-4265-464a-bbf7-f3bfa5dcf1da	POST	/api/auth/refresh	undefined
20240401	18:35:25	fe301b1b-5078-4f86-8194-3089b46576a5	POST	/api/auth/login	undefined
20240401	18:35:45	b63d2314-4bbc-43ff-b906-c757081c0802	POST	/api/auth/refresh	undefined
20240401	18:36:36	dd09d05f-4c2d-464f-9a90-0be63782f9b7	POST	/api/auth/login	undefined
20240401	18:36:59	e7ff640e-0f78-4902-847a-17904a9b4edf	POST	/api/auth/refresh	undefined
20240402	14:32:54	1edafb20-749a-4e78-b50f-15114ff39719	POST	/api/auth/login	undefined
20240402	14:34:26	249c7f41-098c-4639-8294-30aaa199707c	POST	/api/auth/logout	undefined
20240402	14:37:49	8d67946c-76c6-4acf-9b92-8914423c8505	POST	/api/auth/login	undefined
20240402	14:39:57	b25fdba0-f0a9-444e-bf51-bf0ba6b7b808	POST	/api/auth/login	undefined
20240402	14:45:12	c91b1eee-85bb-4706-a63a-ef25c106e447	POST	/api/auth/login	undefined
20240402	14:47:11	d18c5a88-11c3-44ac-99ef-884870224fab	GET	/api/auth/refresh	undefined
20240402	14:49:00	c6b73a7c-4ac0-44f5-8ca3-efcd8a6b48fe	POST	/api/auth/login	undefined
20240402	14:49:37	4625cac9-e61a-4711-b1ff-51ca6e2860b9	GET	/api/auth/refresh	undefined
20240402	14:50:34	3d89e067-103d-482b-8dcc-d34db5c72799	GET	/api/auth/refresh	undefined
20240402	14:50:36	f9f18f8b-3cc3-4113-b72b-e33bd669e8f0	GET	/api/auth/refresh	undefined
20240402	14:50:48	219a665a-86bb-48e0-8706-d78af0544bd9	GET	/api/auth/refresh	undefined
20240402	14:51:28	c48ee834-e414-4781-8021-eb360c244abc	GET	/api/auth/refresh	undefined
20240402	14:52:08	c763d249-8432-4c4a-bebc-22e524608213	GET	/api/auth/refresh	undefined
20240402	14:52:20	00150835-e7af-4c26-988a-773fe96ac364	POST	/api/auth/logout	undefined
20240402	14:54:09	e3ae2c58-baac-4450-b42a-680467b226ea	GET	/api/auth/refresh	undefined
20240402	15:10:55	78a47fcd-f233-4958-94e1-608268c47391	GET	/api/auth/refresh	undefined
20240402	15:11:01	86c5f8f8-b156-4c1b-ad60-50829679b8b0	POST	/api/auth/login	undefined
20240402	15:11:28	6e111f3e-01b5-4f4c-8ecd-64a859fbf380	GET	/api/auth/refresh	undefined
20240402	15:11:48	591c1fd4-dc37-415a-bf88-705c3f5272f8	POST	/api/auth/login	undefined
20240402	15:22:10	25b93f8d-1bb9-49ab-8f23-5c55ee80da6b	POST	/api/auth/login	undefined
20240402	15:22:14	ff1df007-6bd7-4233-abb8-06d15683006f	GET	/api/auth/refresh	undefined
20240402	15:22:18	286416a4-0c4c-44f5-9ae2-82cd7d915e44	GET	/api/auth/refresh	undefined
20240402	15:22:26	d0059e6a-3e40-48bf-91d4-b88de763137d	POST	/api/auth/login	undefined
20240402	15:22:29	6f8df0cb-ad5e-4319-8b86-459f5461ab95	GET	/api/auth/refresh	undefined
20240402	15:22:32	4b950862-03f6-46da-9aec-e67f31816390	GET	/api/auth/refresh	undefined
20240402	15:22:33	adc36275-9c53-44fa-8f32-ba763ec2edf6	GET	/api/auth/refresh	undefined
20240402	15:23:27	8aa135d5-7008-4fdd-b3cb-ed13ddd776d8	POST	/api/auth/logout	undefined
20240402	15:25:02	e4a47e59-f928-4049-a78a-ef2f0839b791	POST	/api/auth/logout	undefined
20240402	15:25:38	6e4e0ec3-b499-4892-8793-467d0715a15c	POST	/api/auth/logout	undefined
20240402	15:25:53	3c1a5d46-f8de-4326-a41a-0caf9e1f2c93	POST	/api/auth/logout	undefined
20240402	15:26:06	7fe8a97c-7f39-42b0-a6ca-ee1713b0b1d5	POST	/api/auth/logout	undefined
20240402	15:26:41	87bbee3c-f753-47e0-9a86-515a065a4984	POST	/api/auth/login	undefined
20240402	15:26:49	1f177b40-4a0a-4cc2-aac5-f7882e687ea4	GET	/api/auth/refresh	undefined
20240402	15:27:00	0d904f6e-3f2c-4fb1-adf3-8a7182768aff	POST	/api/auth/login	undefined
20240402	15:27:12	91e63f52-7841-4823-a32e-36aeee7601a2	GET	/api/auth/refresh	undefined
20240402	15:27:28	7051dc23-7423-4af9-bd8c-0266cfa8e4e3	POST	/api/auth/login	undefined
20240402	15:27:48	55309780-d664-4825-9d0d-655e1d98c5ca	GET	/api/auth/refresh	undefined
20240402	15:27:55	8675c594-70ab-4a60-8b90-4264d7045fa6	POST	/api/auth/login	undefined
20240402	15:28:38	5e245c67-a012-442f-afaa-4e3b6a11299a	POST	/api/auth/login	undefined
20240402	15:28:44	ac74e98e-82be-4532-935c-91bd15a2e59d	GET	/api/auth/refresh	undefined
20240402	15:28:54	bebc682a-cf6e-4151-88ab-16153872ce53	POST	/api/auth/logout	undefined
20240402	15:29:01	8aebc787-cb79-4c33-91c9-ad38715c909e	POST	/api/auth/logout	undefined
